<?xml version="1.0" encoding="UTF-8"?>
<!-- Generated by org.testng.reporters.JUnitReportReporter -->
<testsuite hostname="LAPTOP-Q1QGKN5O" failures="0" tests="3" name="com.mindtree.runner.TestRunner" time="0.374" errors="3" timestamp="2022-01-01T15:37:39 IST" skipped="0">
  <testcase classname="com.mindtree.runner.TestRunner" name="runScenario" time="0.032">
    <error message="The driver executable does not exist: C:\Users\deepi\eclipse-workspace\Milestoneframework\driver\chromedriver.exe" type="java.lang.IllegalStateException">
      <![CDATA[java.lang.IllegalStateException: The driver executable does not exist: C:\Users\deepi\eclipse-workspace\Milestoneframework\driver\chromedriver.exe
at com.google.common.base.Preconditions.checkState(Preconditions.java:585)
at org.openqa.selenium.remote.service.DriverService.checkExecutable(DriverService.java:146)
at org.openqa.selenium.remote.service.DriverService.findExecutable(DriverService.java:141)
at org.openqa.selenium.chrome.ChromeDriverService.access$000(ChromeDriverService.java:35)
at org.openqa.selenium.chrome.ChromeDriverService$Builder.findDefaultExecutable(ChromeDriverService.java:159)
at org.openqa.selenium.remote.service.DriverService$Builder.build(DriverService.java:355)
at org.openqa.selenium.chrome.ChromeDriverService.createDefaultService(ChromeDriverService.java:94)
at org.openqa.selenium.chrome.ChromeDriver.<init>(ChromeDriver.java:123)
at com.mindtree.manager.WebDriverManager.getDriver(WebDriverManager.java:29)
at com.mindtree.stepDefination.Hooks.startUp(Hooks.java:26)
]]>
    </error>
  </testcase> <!-- runScenario -->
  <testcase classname="com.mindtree.runner.TestRunner" name="runScenario" time="0.027">
    <error message="The driver executable does not exist: C:\Users\deepi\eclipse-workspace\Milestoneframework\driver\chromedriver.exe" type="java.lang.IllegalStateException">
      <![CDATA[java.lang.IllegalStateException: The driver executable does not exist: C:\Users\deepi\eclipse-workspace\Milestoneframework\driver\chromedriver.exe
at com.google.common.base.Preconditions.checkState(Preconditions.java:585)
at org.openqa.selenium.remote.service.DriverService.checkExecutable(DriverService.java:146)
at org.openqa.selenium.remote.service.DriverService.findExecutable(DriverService.java:141)
at org.openqa.selenium.chrome.ChromeDriverService.access$000(ChromeDriverService.java:35)
at org.openqa.selenium.chrome.ChromeDriverService$Builder.findDefaultExecutable(ChromeDriverService.java:159)
at org.openqa.selenium.remote.service.DriverService$Builder.build(DriverService.java:355)
at org.openqa.selenium.chrome.ChromeDriverService.createDefaultService(ChromeDriverService.java:94)
at org.openqa.selenium.chrome.ChromeDriver.<init>(ChromeDriver.java:123)
at com.mindtree.manager.WebDriverManager.getDriver(WebDriverManager.java:29)
at com.mindtree.stepDefination.Hooks.startUp(Hooks.java:26)
]]>
    </error>
  </testcase> <!-- runScenario -->
  <testcase classname="com.mindtree.runner.TestRunner" name="runScenario" time="0.315">
    <error message="The driver executable does not exist: C:\Users\deepi\eclipse-workspace\Milestoneframework\driver\chromedriver.exe" type="java.lang.IllegalStateException">
      <![CDATA[java.lang.IllegalStateException: The driver executable does not exist: C:\Users\deepi\eclipse-workspace\Milestoneframework\driver\chromedriver.exe
at com.google.common.base.Preconditions.checkState(Preconditions.java:585)
at org.openqa.selenium.remote.service.DriverService.checkExecutable(DriverService.java:146)
at org.openqa.selenium.remote.service.DriverService.findExecutable(DriverService.java:141)
at org.openqa.selenium.chrome.ChromeDriverService.access$000(ChromeDriverService.java:35)
at org.openqa.selenium.chrome.ChromeDriverService$Builder.findDefaultExecutable(ChromeDriverService.java:159)
at org.openqa.selenium.remote.service.DriverService$Builder.build(DriverService.java:355)
at org.openqa.selenium.chrome.ChromeDriverService.createDefaultService(ChromeDriverService.java:94)
at org.openqa.selenium.chrome.ChromeDriver.<init>(ChromeDriver.java:123)
at com.mindtree.manager.WebDriverManager.getDriver(WebDriverManager.java:29)
at com.mindtree.stepDefination.Hooks.startUp(Hooks.java:26)
]]>
    </error>
  </testcase> <!-- runScenario -->
</testsuite> <!-- com.mindtree.runner.TestRunner -->
