<?xml version="1.0" encoding="UTF-8"?>
<!-- Generated by org.testng.reporters.JUnitReportReporter -->
<testsuite hostname="LAPTOP-Q1QGKN5O" failures="0" tests="3" name="com.mindtree.runner.TestRunner" time="17.242" errors="0" timestamp="2022-01-01T16:18:03 IST" skipped="0">
  <testcase classname="com.mindtree.runner.TestRunner" name="runScenario" time="4.472"/>
  <testcase classname="com.mindtree.runner.TestRunner" name="runScenario" time="8.773"/>
  <testcase classname="com.mindtree.runner.TestRunner" name="runScenario" time="3.997"/>
</testsuite> <!-- com.mindtree.runner.TestRunner -->
